I:\GRAPHICS\GFINAL_OK\GFINAL_OK\DEBUG\SOURCE.OBJ
I:\GRAPHICS\GFINAL_OK\GFINAL_OK\DEBUG\VC110.PDB
I:\GRAPHICS\GFINAL_OK\DEBUG\GFINAL_OK.ILK
I:\GRAPHICS\GFINAL_OK\DEBUG\GFINAL_OK.EXE
I:\GRAPHICS\GFINAL_OK\DEBUG\GFINAL_OK.PDB
I:\Graphics\GFinal_ok\GFinal_ok\Debug\Source.obj
I:\Graphics\GFinal_ok\GFinal_ok\Debug\cl.command.1.tlog
I:\Graphics\GFinal_ok\GFinal_ok\Debug\CL.read.1.tlog
I:\Graphics\GFinal_ok\GFinal_ok\Debug\CL.write.1.tlog
I:\Graphics\GFinal_ok\GFinal_ok\Debug\link-cvtres.read.1.tlog
I:\Graphics\GFinal_ok\GFinal_ok\Debug\link-cvtres.write.1.tlog
I:\Graphics\GFinal_ok\GFinal_ok\Debug\link-rc.read.1.tlog
I:\Graphics\GFinal_ok\GFinal_ok\Debug\link-rc.write.1.tlog
I:\Graphics\GFinal_ok\GFinal_ok\Debug\link.command.1.tlog
I:\Graphics\GFinal_ok\GFinal_ok\Debug\link.read.1.tlog
I:\Graphics\GFinal_ok\GFinal_ok\Debug\link.write.1.tlog
I:\Graphics\GFinal_ok\GFinal_ok\Debug\vc110.idb
I:\Graphics\GFinal_ok\GFinal_ok\Debug\vc110.pdb
I:\Graphics\GFinal_ok\Debug\GFinal_ok.pdb
I:\Graphics\GFinal_ok\Debug\GFinal_ok.exe
I:\Graphics\GFinal_ok\Debug\GFinal_ok.ilk
